Determining if the pthread_create exist failed with the following output:
Change Dir: /home/workspace/CarND-Capstone/ros/build/CMakeFiles/CMakeTmp

Run Build Command:"/usr/bin/make" "cmTC_f86de/fast"
/usr/bin/make -f CMakeFiles/cmTC_f86de.dir/build.make CMakeFiles/cmTC_f86de.dir/build
make[1]: Entering directory '/home/workspace/CarND-Capstone/ros/build/CMakeFiles/CMakeTmp'
Building C object CMakeFiles/cmTC_f86de.dir/CheckSymbolExists.c.o
/usr/bin/cc    -o CMakeFiles/cmTC_f86de.dir/CheckSymbolExists.c.o   -c /home/workspace/CarND-Capstone/ros/build/CMakeFiles/CMakeTmp/CheckSymbolExists.c
Linking C executable cmTC_f86de
/usr/local/bin/cmake -E cmake_link_script CMakeFiles/cmTC_f86de.dir/link.txt --verbose=1
/usr/bin/cc      -rdynamic CMakeFiles/cmTC_f86de.dir/CheckSymbolExists.c.o  -o cmTC_f86de 
CMakeFiles/cmTC_f86de.dir/CheckSymbolExists.c.o: In function `main':
CheckSymbolExists.c:(.text+0x16): undefined reference to `pthread_create'
collect2: error: ld returned 1 exit status
CMakeFiles/cmTC_f86de.dir/build.make:86: recipe for target 'cmTC_f86de' failed
make[1]: *** [cmTC_f86de] Error 1
make[1]: Leaving directory '/home/workspace/CarND-Capstone/ros/build/CMakeFiles/CMakeTmp'
Makefile:121: recipe for target 'cmTC_f86de/fast' failed
make: *** [cmTC_f86de/fast] Error 2

File /home/workspace/CarND-Capstone/ros/build/CMakeFiles/CMakeTmp/CheckSymbolExists.c:
/* */
#include <pthread.h>

int main(int argc, char** argv)
{
  (void)argv;
#ifndef pthread_create
  return ((int*)(&pthread_create))[argc];
#else
  (void)argc;
  return 0;
#endif
}

Determining if the function pthread_create exists in the pthreads failed with the following output:
Change Dir: /home/workspace/CarND-Capstone/ros/build/CMakeFiles/CMakeTmp

Run Build Command:"/usr/bin/make" "cmTC_d7bc4/fast"
/usr/bin/make -f CMakeFiles/cmTC_d7bc4.dir/build.make CMakeFiles/cmTC_d7bc4.dir/build
make[1]: Entering directory '/home/workspace/CarND-Capstone/ros/build/CMakeFiles/CMakeTmp'
Building C object CMakeFiles/cmTC_d7bc4.dir/CheckFunctionExists.c.o
/usr/bin/cc   -DCHECK_FUNCTION_EXISTS=pthread_create   -o CMakeFiles/cmTC_d7bc4.dir/CheckFunctionExists.c.o   -c /usr/local/share/cmake-3.13/Modules/CheckFunctionExists.c
Linking C executable cmTC_d7bc4
/usr/local/bin/cmake -E cmake_link_script CMakeFiles/cmTC_d7bc4.dir/link.txt --verbose=1
/usr/bin/cc  -DCHECK_FUNCTION_EXISTS=pthread_create    -rdynamic CMakeFiles/cmTC_d7bc4.dir/CheckFunctionExists.c.o  -o cmTC_d7bc4 -lpthreads 
/usr/bin/ld: cannot find -lpthreads
collect2: error: ld returned 1 exit status
CMakeFiles/cmTC_d7bc4.dir/build.make:86: recipe for target 'cmTC_d7bc4' failed
make[1]: *** [cmTC_d7bc4] Error 1
make[1]: Leaving directory '/home/workspace/CarND-Capstone/ros/build/CMakeFiles/CMakeTmp'
Makefile:121: recipe for target 'cmTC_d7bc4/fast' failed
make: *** [cmTC_d7bc4/fast] Error 2


